ROS_DISTRO was set to 'humble' before. Please make sure that the environment does not mix paths from different distributions.
-- The C compiler identification is GNU 11.4.0
-- The CXX compiler identification is GNU 11.4.0
-- Detecting C compiler ABI info
-- Detecting C compiler ABI info - done
-- Check for working C compiler: /usr/bin/gcc - skipped
-- Detecting C compile features
-- Detecting C compile features - done
-- Detecting CXX compiler ABI info
-- Detecting CXX compiler ABI info - done
-- Check for working CXX compiler: /usr/bin/g++ - skipped
-- Detecting CXX compile features
-- Detecting CXX compile features - done
-- Using CATKIN_DEVEL_PREFIX: /home/pkorrap/Projects/DualDiablo/MATLAB/matlab_msg_gen_ros1/glnxa64/devel
-- Using CMAKE_PREFIX_PATH: /usr/local/MATLAB/R2025a/sys/ros1/glnxa64/ros1;/usr/local/MATLAB/R2025a/toolbox/ros/mlroscpp/custom_messages
-- This workspace overlays: /usr/local/MATLAB/R2025a/sys/ros1/glnxa64/ros1;/usr/local/MATLAB/R2025a/toolbox/ros/mlroscpp/custom_messages
-- Found PythonInterp: /home/pkorrap/.matlab/R2025a/ros1/glnxa64/venv/bin/python3 (found suitable version "3.10.12", minimum required is "3") 
-- Using PYTHON_EXECUTABLE: /home/pkorrap/.matlab/R2025a/ros1/glnxa64/venv/bin/python3
-- Using Debian Python package layout
-- Using empy: /usr/bin/empy
-- Using CATKIN_ENABLE_TESTING: off
-- catkin 0.8.10
-- BUILD_SHARED_LIBS is on
-- BUILD_SHARED_LIBS is on
-- ~~~~~~~~~~~~~~~~~~~~~~~~~~~~~~~~~~~~~~~~~~~~~~~~~
-- ~~  traversing 1 packages in topological order:
-- ~~  - custom_msgs
-- ~~~~~~~~~~~~~~~~~~~~~~~~~~~~~~~~~~~~~~~~~~~~~~~~~
-- +++ processing catkin package: 'custom_msgs'
-- ==> add_subdirectory(custom_msgs)
CMake Warning at /usr/local/MATLAB/R2025a/sys/ros1/glnxa64/ros1/share/genmsg/cmake/genmsg-extras.cmake:49 (message):
  Unknown message generator specified in ROS_LANG_DISABLE: geneus
Call Stack (most recent call first):
  /usr/local/MATLAB/R2025a/sys/ros1/glnxa64/ros1/share/genmsg/cmake/genmsgConfig.cmake:222 (include)
  /usr/local/MATLAB/R2025a/sys/ros1/glnxa64/ros1/share/gencpp/cmake/gencppConfig.cmake:197 (find_package)
  /usr/local/MATLAB/R2025a/sys/ros1/glnxa64/ros1/share/message_generation/cmake/message_generationConfig.cmake:197 (find_package)
  /usr/local/MATLAB/R2025a/sys/ros1/glnxa64/ros1/share/catkin/cmake/catkinConfig.cmake:76 (find_package)
  custom_msgs/CMakeLists.txt:20 (find_package)


CMake Warning at /usr/local/MATLAB/R2025a/sys/ros1/glnxa64/ros1/share/genmsg/cmake/genmsg-extras.cmake:49 (message):
  Unknown message generator specified in ROS_LANG_DISABLE: genlisp
Call Stack (most recent call first):
  /usr/local/MATLAB/R2025a/sys/ros1/glnxa64/ros1/share/genmsg/cmake/genmsgConfig.cmake:222 (include)
  /usr/local/MATLAB/R2025a/sys/ros1/glnxa64/ros1/share/gencpp/cmake/gencppConfig.cmake:197 (find_package)
  /usr/local/MATLAB/R2025a/sys/ros1/glnxa64/ros1/share/message_generation/cmake/message_generationConfig.cmake:197 (find_package)
  /usr/local/MATLAB/R2025a/sys/ros1/glnxa64/ros1/share/catkin/cmake/catkinConfig.cmake:76 (find_package)
  custom_msgs/CMakeLists.txt:20 (find_package)


CMake Warning at /usr/local/MATLAB/R2025a/sys/ros1/glnxa64/ros1/share/genmsg/cmake/genmsg-extras.cmake:49 (message):
  Unknown message generator specified in ROS_LANG_DISABLE: gennodejs
Call Stack (most recent call first):
  /usr/local/MATLAB/R2025a/sys/ros1/glnxa64/ros1/share/genmsg/cmake/genmsgConfig.cmake:222 (include)
  /usr/local/MATLAB/R2025a/sys/ros1/glnxa64/ros1/share/gencpp/cmake/gencppConfig.cmake:197 (find_package)
  /usr/local/MATLAB/R2025a/sys/ros1/glnxa64/ros1/share/message_generation/cmake/message_generationConfig.cmake:197 (find_package)
  /usr/local/MATLAB/R2025a/sys/ros1/glnxa64/ros1/share/catkin/cmake/catkinConfig.cmake:76 (find_package)
  custom_msgs/CMakeLists.txt:20 (find_package)


-- Using these message generators: gencpp;genpy
-- custom_msgs: 1 messages, 0 services
-- Configuring done
-- Generating done
CMake Warning:
  Manually-specified variables were not used by the project:

    Boost_NAMESPACE


-- Build files have been written to: /home/pkorrap/Projects/DualDiablo/MATLAB/matlab_msg_gen_ros1/glnxa64/build
[1/7] cd /home/pkorrap/Projects/DualDiablo/MATLAB/matlab_msg_gen_ros1/glnxa64/build/custom_msgs && /home/pkorrap/Projects/DualDiablo/MATLAB/matlab_msg_gen_ros1/glnxa64/build/catkin_generated/env_cached.sh /home/pkorrap/.matlab/R2025a/ros1/glnxa64/venv/bin/python3 /usr/local/MATLAB/R2025a/sys/ros1/glnxa64/ros1/share/genmsg/cmake/../../../lib/genmsg/genmsg_check_deps.py custom_msgs /home/pkorrap/Projects/DualDiablo/MATLAB/matlab_msg_gen_ros1/glnxa64/src/custom_msgs/msg/PoseCtrl.msg
[2/7] Generating Python from MSG custom_msgs/PoseCtrl
[3/7] Generating C++ code from custom_msgs/PoseCtrl.msg
[4/7] Generating Python msg __init__.py for custom_msgs
[5/7] Building CXX object custom_msgs/CMakeFiles/custom_msgs_matlab.dir/src/custom_msgs_PoseCtrl_message.cpp.o
In file included from /usr/local/MATLAB/R2025a/sys/ros1/glnxa64/ros1/boost/include/boost/smart_ptr/detail/sp_thread_sleep.hpp:22,
                 from /usr/local/MATLAB/R2025a/sys/ros1/glnxa64/ros1/boost/include/boost/smart_ptr/detail/yield_k.hpp:23,
                 from /usr/local/MATLAB/R2025a/sys/ros1/glnxa64/ros1/boost/include/boost/smart_ptr/detail/spinlock_gcc_atomic.hpp:14,
                 from /usr/local/MATLAB/R2025a/sys/ros1/glnxa64/ros1/boost/include/boost/smart_ptr/detail/spinlock.hpp:42,
                 from /usr/local/MATLAB/R2025a/sys/ros1/glnxa64/ros1/boost/include/boost/smart_ptr/detail/spinlock_pool.hpp:25,
                 from /usr/local/MATLAB/R2025a/sys/ros1/glnxa64/ros1/boost/include/boost/smart_ptr/shared_ptr.hpp:65,
                 from /usr/local/MATLAB/R2025a/sys/ros1/glnxa64/ros1/boost/include/boost/shared_ptr.hpp:53,
                 from /usr/local/MATLAB/R2025a/sys/ros1/glnxa64/ros1/boost/include/boost/date_time/time_clock.hpp:53,
                 from /usr/local/MATLAB/R2025a/sys/ros1/glnxa64/ros1/boost/include/boost/date_time/posix_time/posix_time_types.hpp:46,
                 from /usr/local/MATLAB/R2025a/sys/ros1/glnxa64/ros1/boost/include/boost/date_time/posix_time/time_formatters.hpp:52,
                 from /usr/local/MATLAB/R2025a/sys/ros1/glnxa64/ros1/boost/include/boost/date_time/posix_time/posix_time.hpp:60,
                 from /usr/local/MATLAB/R2025a/sys/ros1/glnxa64/ros1/boost/include/boost/date_time/local_time/local_time.hpp:47,
                 from /usr/local/MATLAB/R2025a/sys/ros1/glnxa64/ros1/boost/include/boost/date_time.hpp:51,
                 from /home/pkorrap/Projects/DualDiablo/MATLAB/matlab_msg_gen_ros1/glnxa64/src/custom_msgs/src/custom_msgs_PoseCtrl_message.cpp:3:
/usr/local/MATLAB/R2025a/sys/ros1/glnxa64/ros1/boost/include/boost/bind.hpp:72:1: note: ‘#pragma message: The practice of declaring the Bind placeholders (_1, _2, ...) in the global namespace is deprecated. Please use <boost/bind/bind.hpp> + using namespace mwboost::placeholders, or define BOOST_BIND_GLOBAL_PLACEHOLDERS to retain the current behavior.’
   72 | BOOST_PRAGMA_MESSAGE(
      | ^~~~~~~~~~~~~~~~~~~~
[6/7] Linking CXX shared library /home/pkorrap/Projects/DualDiablo/MATLAB/matlab_msg_gen_ros1/glnxa64/devel/lib/libcustom_msgs_matlab.so
[6/7] Install the project...
-- Install configuration: "Release"
-- Installing: /home/pkorrap/Projects/DualDiablo/MATLAB/matlab_msg_gen_ros1/glnxa64/install/_setup_util.py
-- Installing: /home/pkorrap/Projects/DualDiablo/MATLAB/matlab_msg_gen_ros1/glnxa64/install/env.sh
-- Installing: /home/pkorrap/Projects/DualDiablo/MATLAB/matlab_msg_gen_ros1/glnxa64/install/setup.bash
-- Installing: /home/pkorrap/Projects/DualDiablo/MATLAB/matlab_msg_gen_ros1/glnxa64/install/local_setup.bash
-- Installing: /home/pkorrap/Projects/DualDiablo/MATLAB/matlab_msg_gen_ros1/glnxa64/install/setup.sh
-- Installing: /home/pkorrap/Projects/DualDiablo/MATLAB/matlab_msg_gen_ros1/glnxa64/install/local_setup.sh
-- Installing: /home/pkorrap/Projects/DualDiablo/MATLAB/matlab_msg_gen_ros1/glnxa64/install/setup.zsh
-- Installing: /home/pkorrap/Projects/DualDiablo/MATLAB/matlab_msg_gen_ros1/glnxa64/install/local_setup.zsh
-- Installing: /home/pkorrap/Projects/DualDiablo/MATLAB/matlab_msg_gen_ros1/glnxa64/install/.rosinstall
-- Installing: /home/pkorrap/Projects/DualDiablo/MATLAB/matlab_msg_gen_ros1/glnxa64/install/share/custom_msgs/msg/PoseCtrl.msg
-- Installing: /home/pkorrap/Projects/DualDiablo/MATLAB/matlab_msg_gen_ros1/glnxa64/install/share/custom_msgs/cmake/custom_msgs-msg-paths.cmake
-- Installing: /home/pkorrap/Projects/DualDiablo/MATLAB/matlab_msg_gen_ros1/glnxa64/install/include/custom_msgs
-- Installing: /home/pkorrap/Projects/DualDiablo/MATLAB/matlab_msg_gen_ros1/glnxa64/install/include/custom_msgs/PoseCtrl.h
Listing '/home/pkorrap/Projects/DualDiablo/MATLAB/matlab_msg_gen_ros1/glnxa64/devel/lib/python3/dist-packages/custom_msgs'...
Compiling '/home/pkorrap/Projects/DualDiablo/MATLAB/matlab_msg_gen_ros1/glnxa64/devel/lib/python3/dist-packages/custom_msgs/__init__.py'...
Listing '/home/pkorrap/Projects/DualDiablo/MATLAB/matlab_msg_gen_ros1/glnxa64/devel/lib/python3/dist-packages/custom_msgs/msg'...
Compiling '/home/pkorrap/Projects/DualDiablo/MATLAB/matlab_msg_gen_ros1/glnxa64/devel/lib/python3/dist-packages/custom_msgs/msg/_PoseCtrl.py'...
Compiling '/home/pkorrap/Projects/DualDiablo/MATLAB/matlab_msg_gen_ros1/glnxa64/devel/lib/python3/dist-packages/custom_msgs/msg/__init__.py'...
-- Installing: /home/pkorrap/Projects/DualDiablo/MATLAB/matlab_msg_gen_ros1/glnxa64/install/lib/python3/dist-packages/custom_msgs
-- Installing: /home/pkorrap/Projects/DualDiablo/MATLAB/matlab_msg_gen_ros1/glnxa64/install/lib/python3/dist-packages/custom_msgs/__init__.py
-- Installing: /home/pkorrap/Projects/DualDiablo/MATLAB/matlab_msg_gen_ros1/glnxa64/install/lib/python3/dist-packages/custom_msgs/__pycache__
-- Installing: /home/pkorrap/Projects/DualDiablo/MATLAB/matlab_msg_gen_ros1/glnxa64/install/lib/python3/dist-packages/custom_msgs/__pycache__/__init__.cpython-310.pyc
-- Installing: /home/pkorrap/Projects/DualDiablo/MATLAB/matlab_msg_gen_ros1/glnxa64/install/lib/python3/dist-packages/custom_msgs/msg
-- Installing: /home/pkorrap/Projects/DualDiablo/MATLAB/matlab_msg_gen_ros1/glnxa64/install/lib/python3/dist-packages/custom_msgs/msg/__init__.py
-- Installing: /home/pkorrap/Projects/DualDiablo/MATLAB/matlab_msg_gen_ros1/glnxa64/install/lib/python3/dist-packages/custom_msgs/msg/__pycache__
-- Installing: /home/pkorrap/Projects/DualDiablo/MATLAB/matlab_msg_gen_ros1/glnxa64/install/lib/python3/dist-packages/custom_msgs/msg/__pycache__/_PoseCtrl.cpython-310.pyc
-- Installing: /home/pkorrap/Projects/DualDiablo/MATLAB/matlab_msg_gen_ros1/glnxa64/install/lib/python3/dist-packages/custom_msgs/msg/__pycache__/__init__.cpython-310.pyc
-- Installing: /home/pkorrap/Projects/DualDiablo/MATLAB/matlab_msg_gen_ros1/glnxa64/install/lib/python3/dist-packages/custom_msgs/msg/_PoseCtrl.py
-- Installing: /home/pkorrap/Projects/DualDiablo/MATLAB/matlab_msg_gen_ros1/glnxa64/install/lib/pkgconfig/custom_msgs.pc
-- Installing: /home/pkorrap/Projects/DualDiablo/MATLAB/matlab_msg_gen_ros1/glnxa64/install/share/custom_msgs/cmake/custom_msgs-msg-extras.cmake
-- Installing: /home/pkorrap/Projects/DualDiablo/MATLAB/matlab_msg_gen_ros1/glnxa64/install/share/custom_msgs/cmake/custom_msgsConfig.cmake
-- Installing: /home/pkorrap/Projects/DualDiablo/MATLAB/matlab_msg_gen_ros1/glnxa64/install/share/custom_msgs/cmake/custom_msgsConfig-version.cmake
-- Installing: /home/pkorrap/Projects/DualDiablo/MATLAB/matlab_msg_gen_ros1/glnxa64/install/share/custom_msgs/package.xml
-- Up-to-date: /home/pkorrap/Projects/DualDiablo/MATLAB/matlab_msg_gen_ros1/glnxa64/install/include
-- Up-to-date: /home/pkorrap/Projects/DualDiablo/MATLAB/matlab_msg_gen_ros1/glnxa64/install/include/custom_msgs
-- Installing: /home/pkorrap/Projects/DualDiablo/MATLAB/matlab_msg_gen_ros1/glnxa64/install/include/custom_msgs/visibility_control.h
-- Installing: /home/pkorrap/Projects/DualDiablo/MATLAB/matlab_msg_gen_ros1/glnxa64/install/lib/libcustom_msgs_matlab.so
-- Installing: /home/pkorrap/Projects/DualDiablo/MATLAB/matlab_msg_gen_ros1/glnxa64/install/m/
-- Installing: /home/pkorrap/Projects/DualDiablo/MATLAB/matlab_msg_gen_ros1/glnxa64/install/m//+ros
-- Installing: /home/pkorrap/Projects/DualDiablo/MATLAB/matlab_msg_gen_ros1/glnxa64/install/m//+ros/+internal
-- Installing: /home/pkorrap/Projects/DualDiablo/MATLAB/matlab_msg_gen_ros1/glnxa64/install/m//+ros/+internal/+ros
-- Installing: /home/pkorrap/Projects/DualDiablo/MATLAB/matlab_msg_gen_ros1/glnxa64/install/m//+ros/+internal/+ros/+custommessages
-- Installing: /home/pkorrap/Projects/DualDiablo/MATLAB/matlab_msg_gen_ros1/glnxa64/install/m//+ros/+internal/+ros/+custommessages/+custom_msgs
-- Installing: /home/pkorrap/Projects/DualDiablo/MATLAB/matlab_msg_gen_ros1/glnxa64/install/m//+ros/+internal/+ros/+custommessages/+custom_msgs/poseCtrl.m
-- Installing: /home/pkorrap/Projects/DualDiablo/MATLAB/matlab_msg_gen_ros1/glnxa64/install/m//+ros/+msggen
-- Installing: /home/pkorrap/Projects/DualDiablo/MATLAB/matlab_msg_gen_ros1/glnxa64/install/m//+ros/+msggen/+custom_msgs
-- Installing: /home/pkorrap/Projects/DualDiablo/MATLAB/matlab_msg_gen_ros1/glnxa64/install/m//+ros/+msggen/+custom_msgs/PoseCtrl.m
Base path: /home/pkorrap/Projects/DualDiablo/MATLAB/matlab_msg_gen_ros1/glnxa64
Source space: /home/pkorrap/Projects/DualDiablo/MATLAB/matlab_msg_gen_ros1/glnxa64/src
Build space: /home/pkorrap/Projects/DualDiablo/MATLAB/matlab_msg_gen_ros1/glnxa64/build
Devel space: /home/pkorrap/Projects/DualDiablo/MATLAB/matlab_msg_gen_ros1/glnxa64/devel
Install space: /home/pkorrap/Projects/DualDiablo/MATLAB/matlab_msg_gen_ros1/glnxa64/install
Creating symlink "/home/pkorrap/Projects/DualDiablo/MATLAB/matlab_msg_gen_ros1/glnxa64/src/CMakeLists.txt" pointing to "/usr/local/MATLAB/R2025a/sys/ros1/glnxa64/ros1/share/catkin/cmake/toplevel.cmake"
####
#### Running command: "cmake /home/pkorrap/Projects/DualDiablo/MATLAB/matlab_msg_gen_ros1/glnxa64/src -DALIAS_ROS1_CLASS_LOADER=1 -DBoost_NAMESPACE=mwboost -DCATKIN_ENABLE_TESTING=off -DCMAKE_PREFIX_PATH=/usr/local/MATLAB/R2025a/sys/ros1/glnxa64/ros1;/usr/local/MATLAB/R2025a/toolbox/ros/mlroscpp/custom_messages -DCMAKE_BUILD_TYPE=Release -DCMAKE_CXX_FLAGS_RELEASE=-O0 -DCMAKE_C_COMPILER=/usr/bin/gcc -DCMAKE_CXX_COMPILER=/usr/bin/g++ -DCATKIN_DEVEL_PREFIX=/home/pkorrap/Projects/DualDiablo/MATLAB/matlab_msg_gen_ros1/glnxa64/devel -DCMAKE_INSTALL_PREFIX=/home/pkorrap/Projects/DualDiablo/MATLAB/matlab_msg_gen_ros1/glnxa64/install -G Ninja" in "/home/pkorrap/Projects/DualDiablo/MATLAB/matlab_msg_gen_ros1/glnxa64/build"
####
####
#### Running command: "ninja install install -j112 -l112" in "/home/pkorrap/Projects/DualDiablo/MATLAB/matlab_msg_gen_ros1/glnxa64/build"
####
