[0.354s] DEBUG:colcon:Command line arguments: ['/home/pkorrap/.matlab/R2025a/ros2/glnxa64/venv/bin/colcon', 'build', '--merge-install', '--cmake-args', '-DCMAKE_BUILD_TYPE=Release', '-DCMAKE_SHARED_LINKER_FLAGS=-Wl,-no-as-needed', '-DBUILD_TESTING=OFF', '-DALIAS_ROS2_TF2=1', '-DCMAKE_CXX_FLAGS_RELEASE=-O0', '-G', 'Ninja', '-DCMAKE_C_COMPILER=/usr/bin/gcc', '-DCMAKE_CXX_COMPILER=/usr/bin/g++']
[0.355s] DEBUG:colcon:Parsed command line arguments: Namespace(log_base=None, log_level=None, verb_name='build', build_base='build', install_base='install', merge_install=True, symlink_install=False, test_result_base=None, continue_on_error=False, executor='parallel', parallel_workers=112, event_handlers=None, ignore_user_meta=False, metas=['./colcon.meta'], base_paths=['.'], packages_ignore=None, packages_ignore_regex=None, paths=None, packages_up_to=None, packages_up_to_regex=None, packages_above=None, packages_above_and_dependencies=None, packages_above_depth=None, packages_select_by_dep=None, packages_skip_by_dep=None, packages_skip_up_to=None, packages_select_build_failed=False, packages_skip_build_finished=False, packages_select_test_failures=False, packages_skip_test_passed=False, packages_select=None, packages_skip=None, packages_select_regex=None, packages_skip_regex=None, packages_start=None, packages_end=None, cmake_args=['-DCMAKE_BUILD_TYPE=Release', '-DCMAKE_SHARED_LINKER_FLAGS=-Wl,-no-as-needed', '-DBUILD_TESTING=OFF', '-DALIAS_ROS2_TF2=1', '-DCMAKE_CXX_FLAGS_RELEASE=-O0', '-G', 'Ninja', '-DCMAKE_C_COMPILER=/usr/bin/gcc', '-DCMAKE_CXX_COMPILER=/usr/bin/g++'], cmake_target=None, cmake_target_skip_unavailable=False, cmake_clean_cache=False, cmake_clean_first=False, cmake_force_configure=False, ament_cmake_args=None, catkin_cmake_args=None, catkin_skip_building_tests=False, verb_parser=<colcon_defaults.argument_parser.defaults.DefaultArgumentsDecorator object at 0x73ac111a9450>, verb_extension=<colcon_core.verb.build.BuildVerb object at 0x73ac115560e0>, main=<bound method BuildVerb.main of <colcon_core.verb.build.BuildVerb object at 0x73ac115560e0>>)
[0.389s] Level 1:colcon.colcon_core.package_discovery:discover_packages(colcon_meta) check parameters
[0.389s] Level 1:colcon.colcon_core.package_discovery:discover_packages(recursive) check parameters
[0.389s] Level 1:colcon.colcon_core.package_discovery:discover_packages(ignore) check parameters
[0.389s] Level 1:colcon.colcon_core.package_discovery:discover_packages(path) check parameters
[0.389s] Level 1:colcon.colcon_core.package_discovery:discover_packages(colcon_meta) discover
[0.389s] Level 1:colcon.colcon_core.package_discovery:discover_packages(recursive) discover
[0.390s] INFO:colcon.colcon_core.package_discovery:Crawling recursively for packages in '/home/pkorrap/Projects/DiabloRos2/dual_diablo_interfaces/matlab_msg_gen/glnxa64'
[0.390s] Level 1:colcon.colcon_core.package_identification:_identify(.) by extensions ['ignore', 'ignore_ament_install']
[0.390s] Level 1:colcon.colcon_core.package_identification:_identify(.) by extension 'ignore'
[0.390s] Level 1:colcon.colcon_core.package_identification:_identify(.) by extension 'ignore_ament_install'
[0.390s] Level 1:colcon.colcon_core.package_identification:_identify(.) by extensions ['colcon_pkg']
[0.390s] Level 1:colcon.colcon_core.package_identification:_identify(.) by extension 'colcon_pkg'
[0.390s] Level 1:colcon.colcon_core.package_identification:_identify(.) by extensions ['colcon_meta']
[0.390s] Level 1:colcon.colcon_core.package_identification:_identify(.) by extension 'colcon_meta'
[0.390s] Level 1:colcon.colcon_core.package_identification:_identify(.) by extensions ['ros']
[0.390s] Level 1:colcon.colcon_core.package_identification:_identify(.) by extension 'ros'
[0.409s] Level 1:colcon.colcon_core.package_identification:_identify(.) by extensions ['cmake', 'python']
[0.409s] Level 1:colcon.colcon_core.package_identification:_identify(.) by extension 'cmake'
[0.409s] Level 1:colcon.colcon_core.package_identification:_identify(.) by extension 'python'
[0.409s] Level 1:colcon.colcon_core.package_identification:_identify(.) by extensions ['python_setup_py']
[0.409s] Level 1:colcon.colcon_core.package_identification:_identify(.) by extension 'python_setup_py'
[0.409s] Level 1:colcon.colcon_core.package_identification:_identify(build) by extensions ['ignore', 'ignore_ament_install']
[0.409s] Level 1:colcon.colcon_core.package_identification:_identify(build) by extension 'ignore'
[0.409s] Level 1:colcon.colcon_core.package_identification:_identify(build) ignored
[0.409s] Level 1:colcon.colcon_core.package_identification:_identify(install) by extensions ['ignore', 'ignore_ament_install']
[0.409s] Level 1:colcon.colcon_core.package_identification:_identify(install) by extension 'ignore'
[0.409s] Level 1:colcon.colcon_core.package_identification:_identify(install) ignored
[0.409s] Level 1:colcon.colcon_core.package_identification:_identify(log) by extensions ['ignore', 'ignore_ament_install']
[0.410s] Level 1:colcon.colcon_core.package_identification:_identify(log) by extension 'ignore'
[0.410s] Level 1:colcon.colcon_core.package_identification:_identify(log) ignored
[0.410s] Level 1:colcon.colcon_core.package_identification:_identify(src) by extensions ['ignore', 'ignore_ament_install']
[0.410s] Level 1:colcon.colcon_core.package_identification:_identify(src) by extension 'ignore'
[0.410s] Level 1:colcon.colcon_core.package_identification:_identify(src) by extension 'ignore_ament_install'
[0.410s] Level 1:colcon.colcon_core.package_identification:_identify(src) by extensions ['colcon_pkg']
[0.410s] Level 1:colcon.colcon_core.package_identification:_identify(src) by extension 'colcon_pkg'
[0.410s] Level 1:colcon.colcon_core.package_identification:_identify(src) by extensions ['colcon_meta']
[0.410s] Level 1:colcon.colcon_core.package_identification:_identify(src) by extension 'colcon_meta'
[0.410s] Level 1:colcon.colcon_core.package_identification:_identify(src) by extensions ['ros']
[0.410s] Level 1:colcon.colcon_core.package_identification:_identify(src) by extension 'ros'
[0.410s] Level 1:colcon.colcon_core.package_identification:_identify(src) by extensions ['cmake', 'python']
[0.410s] Level 1:colcon.colcon_core.package_identification:_identify(src) by extension 'cmake'
[0.410s] Level 1:colcon.colcon_core.package_identification:_identify(src) by extension 'python'
[0.410s] Level 1:colcon.colcon_core.package_identification:_identify(src) by extensions ['python_setup_py']
[0.410s] Level 1:colcon.colcon_core.package_identification:_identify(src) by extension 'python_setup_py'
[0.410s] Level 1:colcon.colcon_core.package_identification:_identify(src/dd_motion_msgs) by extensions ['ignore', 'ignore_ament_install']
[0.410s] Level 1:colcon.colcon_core.package_identification:_identify(src/dd_motion_msgs) by extension 'ignore'
[0.410s] Level 1:colcon.colcon_core.package_identification:_identify(src/dd_motion_msgs) by extension 'ignore_ament_install'
[0.410s] Level 1:colcon.colcon_core.package_identification:_identify(src/dd_motion_msgs) by extensions ['colcon_pkg']
[0.410s] Level 1:colcon.colcon_core.package_identification:_identify(src/dd_motion_msgs) by extension 'colcon_pkg'
[0.410s] Level 1:colcon.colcon_core.package_identification:_identify(src/dd_motion_msgs) by extensions ['colcon_meta']
[0.410s] Level 1:colcon.colcon_core.package_identification:_identify(src/dd_motion_msgs) by extension 'colcon_meta'
[0.410s] Level 1:colcon.colcon_core.package_identification:_identify(src/dd_motion_msgs) by extensions ['ros']
[0.410s] Level 1:colcon.colcon_core.package_identification:_identify(src/dd_motion_msgs) by extension 'ros'
[0.414s] DEBUG:colcon.colcon_core.package_identification:Package 'src/dd_motion_msgs' with type 'ros.ament_cmake' and name 'dd_motion_msgs'
[0.414s] Level 1:colcon.colcon_core.package_discovery:discover_packages(recursive) using defaults
[0.414s] Level 1:colcon.colcon_core.package_discovery:discover_packages(ignore) discover
[0.414s] Level 1:colcon.colcon_core.package_discovery:discover_packages(ignore) using defaults
[0.414s] Level 1:colcon.colcon_core.package_discovery:discover_packages(path) discover
[0.414s] Level 1:colcon.colcon_core.package_discovery:discover_packages(path) using defaults
[0.460s] Level 5:colcon.colcon_core.verb:set package 'dd_motion_msgs' build argument 'cmake_args' from command line to '['-DCMAKE_BUILD_TYPE=Release', '-DCMAKE_SHARED_LINKER_FLAGS=-Wl,-no-as-needed', '-DBUILD_TESTING=OFF', '-DALIAS_ROS2_TF2=1', '-DCMAKE_CXX_FLAGS_RELEASE=-O0', '-G', 'Ninja', '-DCMAKE_C_COMPILER=/usr/bin/gcc', '-DCMAKE_CXX_COMPILER=/usr/bin/g++']'
[0.460s] Level 5:colcon.colcon_core.verb:set package 'dd_motion_msgs' build argument 'cmake_target' from command line to 'None'
[0.460s] Level 5:colcon.colcon_core.verb:set package 'dd_motion_msgs' build argument 'cmake_target_skip_unavailable' from command line to 'False'
[0.460s] Level 5:colcon.colcon_core.verb:set package 'dd_motion_msgs' build argument 'cmake_clean_cache' from command line to 'False'
[0.460s] Level 5:colcon.colcon_core.verb:set package 'dd_motion_msgs' build argument 'cmake_clean_first' from command line to 'False'
[0.460s] Level 5:colcon.colcon_core.verb:set package 'dd_motion_msgs' build argument 'cmake_force_configure' from command line to 'False'
[0.460s] Level 5:colcon.colcon_core.verb:set package 'dd_motion_msgs' build argument 'ament_cmake_args' from command line to 'None'
[0.460s] Level 5:colcon.colcon_core.verb:set package 'dd_motion_msgs' build argument 'catkin_cmake_args' from command line to 'None'
[0.460s] Level 5:colcon.colcon_core.verb:set package 'dd_motion_msgs' build argument 'catkin_skip_building_tests' from command line to 'False'
[0.460s] DEBUG:colcon.colcon_core.verb:Building package 'dd_motion_msgs' with the following arguments: {'ament_cmake_args': None, 'build_base': '/home/pkorrap/Projects/DiabloRos2/dual_diablo_interfaces/matlab_msg_gen/glnxa64/build/dd_motion_msgs', 'catkin_cmake_args': None, 'catkin_skip_building_tests': False, 'cmake_args': ['-DCMAKE_BUILD_TYPE=Release', '-DCMAKE_SHARED_LINKER_FLAGS=-Wl,-no-as-needed', '-DBUILD_TESTING=OFF', '-DALIAS_ROS2_TF2=1', '-DCMAKE_CXX_FLAGS_RELEASE=-O0', '-G', 'Ninja', '-DCMAKE_C_COMPILER=/usr/bin/gcc', '-DCMAKE_CXX_COMPILER=/usr/bin/g++'], 'cmake_clean_cache': False, 'cmake_clean_first': False, 'cmake_force_configure': False, 'cmake_target': None, 'cmake_target_skip_unavailable': False, 'install_base': '/home/pkorrap/Projects/DiabloRos2/dual_diablo_interfaces/matlab_msg_gen/glnxa64/install', 'merge_install': True, 'path': '/home/pkorrap/Projects/DiabloRos2/dual_diablo_interfaces/matlab_msg_gen/glnxa64/src/dd_motion_msgs', 'symlink_install': False, 'test_result_base': None}
[0.463s] INFO:colcon.colcon_core.executor:Executing jobs using 'parallel' executor
[0.477s] DEBUG:colcon.colcon_parallel_executor.executor.parallel:run_until_complete
[0.477s] INFO:colcon.colcon_ros.task.ament_cmake.build:Building ROS package in '/home/pkorrap/Projects/DiabloRos2/dual_diablo_interfaces/matlab_msg_gen/glnxa64/src/dd_motion_msgs' with build type 'ament_cmake'
[0.477s] INFO:colcon.colcon_cmake.task.cmake.build:Building CMake package in '/home/pkorrap/Projects/DiabloRos2/dual_diablo_interfaces/matlab_msg_gen/glnxa64/src/dd_motion_msgs'
[0.485s] INFO:colcon.colcon_core.plugin_system:Skipping extension 'colcon_core.shell.bat': Not used on non-Windows systems
[0.485s] INFO:colcon.colcon_core.shell:Skip shell extension 'powershell' for command environment: Not usable outside of PowerShell
[0.485s] DEBUG:colcon.colcon_core.shell:Skip shell extension 'dsv' for command environment
[0.509s] DEBUG:colcon.colcon_core.event_handler.log_command:Invoking command in '/home/pkorrap/Projects/DiabloRos2/dual_diablo_interfaces/matlab_msg_gen/glnxa64/build/dd_motion_msgs': PS1=(venv) VIRTUAL_ENV_PROMPT=(venv) /usr/local/MATLAB/R2025a/bin/glnxa64/cmake/bin/cmake /home/pkorrap/Projects/DiabloRos2/dual_diablo_interfaces/matlab_msg_gen/glnxa64/src/dd_motion_msgs -DCMAKE_BUILD_TYPE=Release -DCMAKE_SHARED_LINKER_FLAGS=-Wl,-no-as-needed -DBUILD_TESTING=OFF -DALIAS_ROS2_TF2=1 -DCMAKE_CXX_FLAGS_RELEASE=-O0 -G Ninja -DCMAKE_C_COMPILER=/usr/bin/gcc -DCMAKE_CXX_COMPILER=/usr/bin/g++ -DCMAKE_INSTALL_PREFIX=/home/pkorrap/Projects/DiabloRos2/dual_diablo_interfaces/matlab_msg_gen/glnxa64/install
[1.824s] DEBUG:colcon.colcon_core.event_handler.log_command:Invoked command in '/home/pkorrap/Projects/DiabloRos2/dual_diablo_interfaces/matlab_msg_gen/glnxa64/build/dd_motion_msgs' returned '0': PS1=(venv) VIRTUAL_ENV_PROMPT=(venv) /usr/local/MATLAB/R2025a/bin/glnxa64/cmake/bin/cmake /home/pkorrap/Projects/DiabloRos2/dual_diablo_interfaces/matlab_msg_gen/glnxa64/src/dd_motion_msgs -DCMAKE_BUILD_TYPE=Release -DCMAKE_SHARED_LINKER_FLAGS=-Wl,-no-as-needed -DBUILD_TESTING=OFF -DALIAS_ROS2_TF2=1 -DCMAKE_CXX_FLAGS_RELEASE=-O0 -G Ninja -DCMAKE_C_COMPILER=/usr/bin/gcc -DCMAKE_CXX_COMPILER=/usr/bin/g++ -DCMAKE_INSTALL_PREFIX=/home/pkorrap/Projects/DiabloRos2/dual_diablo_interfaces/matlab_msg_gen/glnxa64/install
[1.826s] DEBUG:colcon.colcon_core.event_handler.log_command:Invoking command in '/home/pkorrap/Projects/DiabloRos2/dual_diablo_interfaces/matlab_msg_gen/glnxa64/build/dd_motion_msgs': PS1=(venv) VIRTUAL_ENV_PROMPT=(venv) /usr/local/MATLAB/R2025a/bin/glnxa64/cmake/bin/cmake --build /home/pkorrap/Projects/DiabloRos2/dual_diablo_interfaces/matlab_msg_gen/glnxa64/build/dd_motion_msgs -- -j112 -l112
[11.517s] DEBUG:colcon.colcon_core.event_handler.log_command:Invoked command in '/home/pkorrap/Projects/DiabloRos2/dual_diablo_interfaces/matlab_msg_gen/glnxa64/build/dd_motion_msgs' returned '0': PS1=(venv) VIRTUAL_ENV_PROMPT=(venv) /usr/local/MATLAB/R2025a/bin/glnxa64/cmake/bin/cmake --build /home/pkorrap/Projects/DiabloRos2/dual_diablo_interfaces/matlab_msg_gen/glnxa64/build/dd_motion_msgs -- -j112 -l112
[11.539s] DEBUG:colcon.colcon_core.event_handler.log_command:Invoking command in '/home/pkorrap/Projects/DiabloRos2/dual_diablo_interfaces/matlab_msg_gen/glnxa64/build/dd_motion_msgs': PS1=(venv) VIRTUAL_ENV_PROMPT=(venv) /usr/local/MATLAB/R2025a/bin/glnxa64/cmake/bin/cmake --install /home/pkorrap/Projects/DiabloRos2/dual_diablo_interfaces/matlab_msg_gen/glnxa64/build/dd_motion_msgs
[11.552s] Level 1:colcon.colcon_core.environment:create_environment_scripts_only(dd_motion_msgs)
[11.552s] DEBUG:colcon.colcon_core.event_handler.log_command:Invoked command in '/home/pkorrap/Projects/DiabloRos2/dual_diablo_interfaces/matlab_msg_gen/glnxa64/build/dd_motion_msgs' returned '0': PS1=(venv) VIRTUAL_ENV_PROMPT=(venv) /usr/local/MATLAB/R2025a/bin/glnxa64/cmake/bin/cmake --install /home/pkorrap/Projects/DiabloRos2/dual_diablo_interfaces/matlab_msg_gen/glnxa64/build/dd_motion_msgs
[11.565s] Level 1:colcon.colcon_core.environment:checking '/home/pkorrap/Projects/DiabloRos2/dual_diablo_interfaces/matlab_msg_gen/glnxa64/install' for CMake module files
[11.565s] Level 1:colcon.colcon_core.environment:checking '/home/pkorrap/Projects/DiabloRos2/dual_diablo_interfaces/matlab_msg_gen/glnxa64/install' for CMake config files
[11.565s] Level 1:colcon.colcon_core.shell:create_environment_hook('dd_motion_msgs', 'cmake_prefix_path')
[11.570s] INFO:colcon.colcon_core.shell:Creating environment hook '/home/pkorrap/Projects/DiabloRos2/dual_diablo_interfaces/matlab_msg_gen/glnxa64/install/share/dd_motion_msgs/hook/cmake_prefix_path.ps1'
[11.571s] INFO:colcon.colcon_core.shell:Creating environment descriptor '/home/pkorrap/Projects/DiabloRos2/dual_diablo_interfaces/matlab_msg_gen/glnxa64/install/share/dd_motion_msgs/hook/cmake_prefix_path.dsv'
[11.571s] INFO:colcon.colcon_core.shell:Creating environment hook '/home/pkorrap/Projects/DiabloRos2/dual_diablo_interfaces/matlab_msg_gen/glnxa64/install/share/dd_motion_msgs/hook/cmake_prefix_path.sh'
[11.572s] Level 1:colcon.colcon_core.environment:checking '/home/pkorrap/Projects/DiabloRos2/dual_diablo_interfaces/matlab_msg_gen/glnxa64/install/lib'
[11.572s] Level 1:colcon.colcon_core.shell:create_environment_hook('dd_motion_msgs', 'ld_library_path_lib')
[11.576s] INFO:colcon.colcon_core.shell:Creating environment hook '/home/pkorrap/Projects/DiabloRos2/dual_diablo_interfaces/matlab_msg_gen/glnxa64/install/share/dd_motion_msgs/hook/ld_library_path_lib.ps1'
[11.577s] INFO:colcon.colcon_core.shell:Creating environment descriptor '/home/pkorrap/Projects/DiabloRos2/dual_diablo_interfaces/matlab_msg_gen/glnxa64/install/share/dd_motion_msgs/hook/ld_library_path_lib.dsv'
[11.577s] INFO:colcon.colcon_core.shell:Creating environment hook '/home/pkorrap/Projects/DiabloRos2/dual_diablo_interfaces/matlab_msg_gen/glnxa64/install/share/dd_motion_msgs/hook/ld_library_path_lib.sh'
[11.577s] Level 1:colcon.colcon_core.environment:checking '/home/pkorrap/Projects/DiabloRos2/dual_diablo_interfaces/matlab_msg_gen/glnxa64/install/bin'
[11.577s] Level 1:colcon.colcon_core.environment:checking '/home/pkorrap/Projects/DiabloRos2/dual_diablo_interfaces/matlab_msg_gen/glnxa64/install/lib/pkgconfig/dd_motion_msgs.pc'
[11.578s] Level 1:colcon.colcon_core.environment:checking '/home/pkorrap/Projects/DiabloRos2/dual_diablo_interfaces/matlab_msg_gen/glnxa64/install/lib/python3.10/site-packages'
[11.578s] Level 1:colcon.colcon_core.environment:checking '/home/pkorrap/Projects/DiabloRos2/dual_diablo_interfaces/matlab_msg_gen/glnxa64/install/bin'
[11.584s] INFO:colcon.colcon_core.shell:Creating package script '/home/pkorrap/Projects/DiabloRos2/dual_diablo_interfaces/matlab_msg_gen/glnxa64/install/share/dd_motion_msgs/package.ps1'
[11.584s] INFO:colcon.colcon_core.shell:Creating package descriptor '/home/pkorrap/Projects/DiabloRos2/dual_diablo_interfaces/matlab_msg_gen/glnxa64/install/share/dd_motion_msgs/package.dsv'
[11.585s] INFO:colcon.colcon_core.shell:Creating package script '/home/pkorrap/Projects/DiabloRos2/dual_diablo_interfaces/matlab_msg_gen/glnxa64/install/share/dd_motion_msgs/package.sh'
[11.585s] INFO:colcon.colcon_core.shell:Creating package script '/home/pkorrap/Projects/DiabloRos2/dual_diablo_interfaces/matlab_msg_gen/glnxa64/install/share/dd_motion_msgs/package.bash'
[11.586s] INFO:colcon.colcon_core.shell:Creating package script '/home/pkorrap/Projects/DiabloRos2/dual_diablo_interfaces/matlab_msg_gen/glnxa64/install/share/dd_motion_msgs/package.zsh'
[11.586s] Level 1:colcon.colcon_core.environment:create_file_with_runtime_dependencies(/home/pkorrap/Projects/DiabloRos2/dual_diablo_interfaces/matlab_msg_gen/glnxa64/install/share/colcon-core/packages/dd_motion_msgs)
[11.606s] Level 1:colcon.colcon_core.environment:create_environment_scripts_only(dd_motion_msgs)
[11.613s] Level 1:colcon.colcon_core.environment:checking '/home/pkorrap/Projects/DiabloRos2/dual_diablo_interfaces/matlab_msg_gen/glnxa64/install' for CMake module files
[11.613s] Level 1:colcon.colcon_core.environment:checking '/home/pkorrap/Projects/DiabloRos2/dual_diablo_interfaces/matlab_msg_gen/glnxa64/install' for CMake config files
[11.613s] Level 1:colcon.colcon_core.shell:create_environment_hook('dd_motion_msgs', 'cmake_prefix_path')
[11.618s] INFO:colcon.colcon_core.shell:Creating environment hook '/home/pkorrap/Projects/DiabloRos2/dual_diablo_interfaces/matlab_msg_gen/glnxa64/install/share/dd_motion_msgs/hook/cmake_prefix_path.ps1'
[11.619s] INFO:colcon.colcon_core.shell:Creating environment descriptor '/home/pkorrap/Projects/DiabloRos2/dual_diablo_interfaces/matlab_msg_gen/glnxa64/install/share/dd_motion_msgs/hook/cmake_prefix_path.dsv'
[11.619s] INFO:colcon.colcon_core.shell:Creating environment hook '/home/pkorrap/Projects/DiabloRos2/dual_diablo_interfaces/matlab_msg_gen/glnxa64/install/share/dd_motion_msgs/hook/cmake_prefix_path.sh'
[11.619s] Level 1:colcon.colcon_core.environment:checking '/home/pkorrap/Projects/DiabloRos2/dual_diablo_interfaces/matlab_msg_gen/glnxa64/install/lib'
[11.619s] Level 1:colcon.colcon_core.shell:create_environment_hook('dd_motion_msgs', 'ld_library_path_lib')
[11.625s] INFO:colcon.colcon_core.shell:Creating environment hook '/home/pkorrap/Projects/DiabloRos2/dual_diablo_interfaces/matlab_msg_gen/glnxa64/install/share/dd_motion_msgs/hook/ld_library_path_lib.ps1'
[11.625s] INFO:colcon.colcon_core.shell:Creating environment descriptor '/home/pkorrap/Projects/DiabloRos2/dual_diablo_interfaces/matlab_msg_gen/glnxa64/install/share/dd_motion_msgs/hook/ld_library_path_lib.dsv'
[11.625s] INFO:colcon.colcon_core.shell:Creating environment hook '/home/pkorrap/Projects/DiabloRos2/dual_diablo_interfaces/matlab_msg_gen/glnxa64/install/share/dd_motion_msgs/hook/ld_library_path_lib.sh'
[11.626s] Level 1:colcon.colcon_core.environment:checking '/home/pkorrap/Projects/DiabloRos2/dual_diablo_interfaces/matlab_msg_gen/glnxa64/install/bin'
[11.626s] Level 1:colcon.colcon_core.environment:checking '/home/pkorrap/Projects/DiabloRos2/dual_diablo_interfaces/matlab_msg_gen/glnxa64/install/lib/pkgconfig/dd_motion_msgs.pc'
[11.626s] Level 1:colcon.colcon_core.environment:checking '/home/pkorrap/Projects/DiabloRos2/dual_diablo_interfaces/matlab_msg_gen/glnxa64/install/lib/python3.10/site-packages'
[11.626s] Level 1:colcon.colcon_core.environment:checking '/home/pkorrap/Projects/DiabloRos2/dual_diablo_interfaces/matlab_msg_gen/glnxa64/install/bin'
[11.631s] INFO:colcon.colcon_core.shell:Creating package script '/home/pkorrap/Projects/DiabloRos2/dual_diablo_interfaces/matlab_msg_gen/glnxa64/install/share/dd_motion_msgs/package.ps1'
[11.632s] INFO:colcon.colcon_core.shell:Creating package descriptor '/home/pkorrap/Projects/DiabloRos2/dual_diablo_interfaces/matlab_msg_gen/glnxa64/install/share/dd_motion_msgs/package.dsv'
[11.632s] INFO:colcon.colcon_core.shell:Creating package script '/home/pkorrap/Projects/DiabloRos2/dual_diablo_interfaces/matlab_msg_gen/glnxa64/install/share/dd_motion_msgs/package.sh'
[11.632s] INFO:colcon.colcon_core.shell:Creating package script '/home/pkorrap/Projects/DiabloRos2/dual_diablo_interfaces/matlab_msg_gen/glnxa64/install/share/dd_motion_msgs/package.bash'
[11.633s] INFO:colcon.colcon_core.shell:Creating package script '/home/pkorrap/Projects/DiabloRos2/dual_diablo_interfaces/matlab_msg_gen/glnxa64/install/share/dd_motion_msgs/package.zsh'
[11.633s] Level 1:colcon.colcon_core.environment:create_file_with_runtime_dependencies(/home/pkorrap/Projects/DiabloRos2/dual_diablo_interfaces/matlab_msg_gen/glnxa64/install/share/colcon-core/packages/dd_motion_msgs)
[11.633s] DEBUG:colcon.colcon_parallel_executor.executor.parallel:closing loop
[11.633s] DEBUG:colcon.colcon_parallel_executor.executor.parallel:loop closed
[11.633s] DEBUG:colcon.colcon_parallel_executor.executor.parallel:run_until_complete finished with '0'
[11.633s] DEBUG:colcon.colcon_core.event_reactor:joining thread
[11.641s] INFO:colcon.colcon_core.plugin_system:Skipping extension 'colcon_notification.desktop_notification.notify2': 'notify2' not found
[11.641s] INFO:colcon.colcon_core.plugin_system:Skipping extension 'colcon_notification.desktop_notification.terminal_notifier': Not used on non-Darwin systems
[11.641s] INFO:colcon.colcon_core.plugin_system:Skipping extension 'colcon_notification.desktop_notification.win32': Not used on non-Windows systems
[11.641s] INFO:colcon.colcon_notification.desktop_notification:Sending desktop notification using 'notify_send'
[11.661s] DEBUG:colcon.colcon_core.event_reactor:joined thread
[11.668s] INFO:colcon.colcon_core.shell:Creating prefix script '/home/pkorrap/Projects/DiabloRos2/dual_diablo_interfaces/matlab_msg_gen/glnxa64/install/local_setup.ps1'
[11.669s] INFO:colcon.colcon_core.shell:Creating prefix util module '/home/pkorrap/Projects/DiabloRos2/dual_diablo_interfaces/matlab_msg_gen/glnxa64/install/_local_setup_util_ps1.py'
[11.670s] INFO:colcon.colcon_core.shell:Creating prefix chain script '/home/pkorrap/Projects/DiabloRos2/dual_diablo_interfaces/matlab_msg_gen/glnxa64/install/setup.ps1'
[11.675s] INFO:colcon.colcon_core.shell:Creating prefix script '/home/pkorrap/Projects/DiabloRos2/dual_diablo_interfaces/matlab_msg_gen/glnxa64/install/local_setup.sh'
[11.675s] INFO:colcon.colcon_core.shell:Creating prefix util module '/home/pkorrap/Projects/DiabloRos2/dual_diablo_interfaces/matlab_msg_gen/glnxa64/install/_local_setup_util_sh.py'
[11.675s] INFO:colcon.colcon_core.shell:Creating prefix chain script '/home/pkorrap/Projects/DiabloRos2/dual_diablo_interfaces/matlab_msg_gen/glnxa64/install/setup.sh'
[11.680s] INFO:colcon.colcon_core.shell:Creating prefix script '/home/pkorrap/Projects/DiabloRos2/dual_diablo_interfaces/matlab_msg_gen/glnxa64/install/local_setup.bash'
[11.680s] INFO:colcon.colcon_core.shell:Creating prefix chain script '/home/pkorrap/Projects/DiabloRos2/dual_diablo_interfaces/matlab_msg_gen/glnxa64/install/setup.bash'
[11.684s] INFO:colcon.colcon_core.shell:Creating prefix script '/home/pkorrap/Projects/DiabloRos2/dual_diablo_interfaces/matlab_msg_gen/glnxa64/install/local_setup.zsh'
[11.684s] INFO:colcon.colcon_core.shell:Creating prefix chain script '/home/pkorrap/Projects/DiabloRos2/dual_diablo_interfaces/matlab_msg_gen/glnxa64/install/setup.zsh'
