-- The C compiler identification is GNU 11.4.0
-- The CXX compiler identification is GNU 11.4.0
-- Detecting C compiler ABI info
-- Detecting C compiler ABI info - done
-- Check for working C compiler: /usr/bin/gcc - skipped
-- Detecting C compile features
-- Detecting C compile features - done
-- Detecting CXX compiler ABI info
-- Detecting CXX compiler ABI info - done
-- Check for working CXX compiler: /usr/bin/g++ - skipped
-- Detecting CXX compile features
-- Detecting CXX compile features - done
-- Building for ROS 2 Jazzy
-- Found ament_cmake: 2.5.2 (/usr/local/MATLAB/R2025a/sys/ros2/glnxa64/ros2/share/ament_cmake/cmake)
-- Found Python3: /home/pkorrap/.matlab/R2025a/ros2/glnxa64/venv/bin/python3 (found version "3.10.12") found components: Interpreter 
-- Found ament_cmake_ros: 0.12.0 (/usr/local/MATLAB/R2025a/sys/ros2/glnxa64/ros2/share/ament_cmake_ros/cmake)
-- Found rosidl_typesupport_c: 3.2.2 (/usr/local/MATLAB/R2025a/sys/ros2/glnxa64/ros2/share/rosidl_typesupport_c/cmake)
-- Using all available rosidl_typesupport_c: rosidl_typesupport_fastrtps_c;rosidl_typesupport_introspection_c
-- Found rosidl_typesupport_cpp: 3.2.2 (/usr/local/MATLAB/R2025a/sys/ros2/glnxa64/ros2/share/rosidl_typesupport_cpp/cmake)
-- Using all available rosidl_typesupport_cpp: rosidl_typesupport_fastrtps_cpp;rosidl_typesupport_introspection_cpp
-- Found rosidl_default_generators: 1.6.0 (/usr/local/MATLAB/R2025a/sys/ros2/glnxa64/ros2/share/rosidl_default_generators/cmake)
-- Found rosidl_adapter: 4.8.1 (/usr/local/MATLAB/R2025a/sys/ros2/glnxa64/ros2/share/rosidl_adapter/cmake)
-- Found class_loader: 2.7.0 (/usr/local/MATLAB/R2025a/sys/ros2/glnxa64/ros2/share/class_loader/cmake)
-- Found rclcpp: 28.1.3 (/usr/local/MATLAB/R2025a/sys/ros2/glnxa64/ros2/share/rclcpp/cmake)
-- Found rmw_implementation_cmake: 7.3.1 (/usr/local/MATLAB/R2025a/sys/ros2/glnxa64/ros2/share/rmw_implementation_cmake/cmake)
-- Found rmw_fastrtps_cpp: 9.0.0 (/usr/local/MATLAB/R2025a/sys/ros2/glnxa64/ros2/share/rmw_fastrtps_cpp/cmake)
-- Found FastRTPS: /usr/local/MATLAB/R2025a/sys/ros2/glnxa64/ros2/include (Required is at least version "2.13") 
-- Using RMW implementation 'rmw_fastrtps_cpp' as default
-- Using all available rosidl_typesupport_c: rosidl_typesupport_fastrtps_c;rosidl_typesupport_introspection_c
-- Using all available rosidl_typesupport_cpp: rosidl_typesupport_fastrtps_cpp;rosidl_typesupport_introspection_cpp
-- Configuring done
-- Generating done
-- Build files have been written to: /home/pkorrap/Projects/DiabloRos2/dual_diablo_interfaces/matlab_msg_gen/glnxa64/build/dd_motion_msgs
[1/27] Generating type hashes for ROS interfaces
[2/27] Generating C++ code for ROS interfaces
[3/27] Generating C code for ROS interfaces
[4/27] Building C object CMakeFiles/dd_motion_msgs__rosidl_generator_c.dir/rosidl_generator_c/dd_motion_msgs/msg/detail/pose_ctrl__type_support.c.o
[5/27] Building C object CMakeFiles/dd_motion_msgs__rosidl_generator_c.dir/rosidl_generator_c/dd_motion_msgs/msg/detail/pose_ctrl__description.c.o
[6/27] Building C object CMakeFiles/dd_motion_msgs__rosidl_generator_c.dir/rosidl_generator_c/dd_motion_msgs/msg/detail/pose_ctrl__functions.c.o
[7/27] Linking C shared library libdd_motion_msgs__rosidl_generator_c.so
[8/27] Generating C type support dispatch for ROS interfaces
[9/27] Generating C++ type support dispatch for ROS interfaces
[10/27] Generating C introspection for ROS interfaces
[11/27] Generating C++ introspection for ROS interfaces
[12/27] Generating C type support for eProsima Fast-RTPS
[13/27] Generating C++ type support for eProsima Fast-RTPS
[14/27] Building CXX object CMakeFiles/dd_motion_msgs__rosidl_typesupport_c.dir/rosidl_typesupport_c/dd_motion_msgs/msg/pose_ctrl__type_support.cpp.o
[15/27] Building C object CMakeFiles/dd_motion_msgs__rosidl_typesupport_introspection_c.dir/rosidl_typesupport_introspection_c/dd_motion_msgs/msg/detail/pose_ctrl__type_support.c.o
[16/27] Linking C shared library libdd_motion_msgs__rosidl_typesupport_introspection_c.so
[17/27] Linking CXX shared library libdd_motion_msgs__rosidl_typesupport_c.so
[18/27] Building CXX object CMakeFiles/dd_motion_msgs__rosidl_typesupport_cpp.dir/rosidl_typesupport_cpp/dd_motion_msgs/msg/pose_ctrl__type_support.cpp.o
[19/27] Building CXX object CMakeFiles/dd_motion_msgs__rosidl_typesupport_introspection_cpp.dir/rosidl_typesupport_introspection_cpp/dd_motion_msgs/msg/detail/pose_ctrl__type_support.cpp.o
[20/27] Linking CXX shared library libdd_motion_msgs__rosidl_typesupport_cpp.so
[21/27] Linking CXX shared library libdd_motion_msgs__rosidl_typesupport_introspection_cpp.so
[22/27] Building CXX object CMakeFiles/dd_motion_msgs__rosidl_typesupport_fastrtps_cpp.dir/rosidl_typesupport_fastrtps_cpp/dd_motion_msgs/msg/detail/dds_fastrtps/pose_ctrl__type_support.cpp.o
[23/27] Building CXX object CMakeFiles/dd_motion_msgs__rosidl_typesupport_fastrtps_c.dir/rosidl_typesupport_fastrtps_c/dd_motion_msgs/msg/detail/pose_ctrl__type_support_c.cpp.o
[24/27] Linking CXX shared library libdd_motion_msgs__rosidl_typesupport_fastrtps_c.so
[25/27] Linking CXX shared library libdd_motion_msgs__rosidl_typesupport_fastrtps_cpp.so
[26/27] Building CXX object CMakeFiles/dd_motion_msgs_matlab.dir/src/dd_motion_msgs_PoseCtrl_message.cpp.o
[27/27] Linking CXX shared library libdd_motion_msgs_matlab.so
-- Install configuration: "Release"
-- Installing: /home/pkorrap/Projects/DiabloRos2/dual_diablo_interfaces/matlab_msg_gen/glnxa64/install/share/ament_index/resource_index/rosidl_interfaces/dd_motion_msgs
-- Installing: /home/pkorrap/Projects/DiabloRos2/dual_diablo_interfaces/matlab_msg_gen/glnxa64/install/share/dd_motion_msgs/msg/PoseCtrl.json
-- Installing: /home/pkorrap/Projects/DiabloRos2/dual_diablo_interfaces/matlab_msg_gen/glnxa64/install/include/dd_motion_msgs/dd_motion_msgs
-- Installing: /home/pkorrap/Projects/DiabloRos2/dual_diablo_interfaces/matlab_msg_gen/glnxa64/install/include/dd_motion_msgs/dd_motion_msgs/msg
-- Installing: /home/pkorrap/Projects/DiabloRos2/dual_diablo_interfaces/matlab_msg_gen/glnxa64/install/include/dd_motion_msgs/dd_motion_msgs/msg/rosidl_generator_c__visibility_control.h
-- Installing: /home/pkorrap/Projects/DiabloRos2/dual_diablo_interfaces/matlab_msg_gen/glnxa64/install/include/dd_motion_msgs/dd_motion_msgs/msg/pose_ctrl.h
-- Installing: /home/pkorrap/Projects/DiabloRos2/dual_diablo_interfaces/matlab_msg_gen/glnxa64/install/include/dd_motion_msgs/dd_motion_msgs/msg/detail
-- Installing: /home/pkorrap/Projects/DiabloRos2/dual_diablo_interfaces/matlab_msg_gen/glnxa64/install/include/dd_motion_msgs/dd_motion_msgs/msg/detail/pose_ctrl__type_support.h
-- Installing: /home/pkorrap/Projects/DiabloRos2/dual_diablo_interfaces/matlab_msg_gen/glnxa64/install/include/dd_motion_msgs/dd_motion_msgs/msg/detail/pose_ctrl__type_support.c
-- Installing: /home/pkorrap/Projects/DiabloRos2/dual_diablo_interfaces/matlab_msg_gen/glnxa64/install/include/dd_motion_msgs/dd_motion_msgs/msg/detail/pose_ctrl__struct.h
-- Installing: /home/pkorrap/Projects/DiabloRos2/dual_diablo_interfaces/matlab_msg_gen/glnxa64/install/include/dd_motion_msgs/dd_motion_msgs/msg/detail/pose_ctrl__functions.h
-- Installing: /home/pkorrap/Projects/DiabloRos2/dual_diablo_interfaces/matlab_msg_gen/glnxa64/install/include/dd_motion_msgs/dd_motion_msgs/msg/detail/pose_ctrl__functions.c
-- Installing: /home/pkorrap/Projects/DiabloRos2/dual_diablo_interfaces/matlab_msg_gen/glnxa64/install/include/dd_motion_msgs/dd_motion_msgs/msg/detail/pose_ctrl__description.c
-- Installing: /home/pkorrap/Projects/DiabloRos2/dual_diablo_interfaces/matlab_msg_gen/glnxa64/install/share/dd_motion_msgs/environment/library_path.sh
-- Installing: /home/pkorrap/Projects/DiabloRos2/dual_diablo_interfaces/matlab_msg_gen/glnxa64/install/share/dd_motion_msgs/environment/library_path.dsv
-- Installing: /home/pkorrap/Projects/DiabloRos2/dual_diablo_interfaces/matlab_msg_gen/glnxa64/install/lib/libdd_motion_msgs__rosidl_generator_c.so
-- Up-to-date: /home/pkorrap/Projects/DiabloRos2/dual_diablo_interfaces/matlab_msg_gen/glnxa64/install/include/dd_motion_msgs/dd_motion_msgs
-- Up-to-date: /home/pkorrap/Projects/DiabloRos2/dual_diablo_interfaces/matlab_msg_gen/glnxa64/install/include/dd_motion_msgs/dd_motion_msgs/msg
-- Installing: /home/pkorrap/Projects/DiabloRos2/dual_diablo_interfaces/matlab_msg_gen/glnxa64/install/include/dd_motion_msgs/dd_motion_msgs/msg/rosidl_typesupport_fastrtps_c__visibility_control.h
-- Up-to-date: /home/pkorrap/Projects/DiabloRos2/dual_diablo_interfaces/matlab_msg_gen/glnxa64/install/include/dd_motion_msgs/dd_motion_msgs/msg/detail
-- Installing: /home/pkorrap/Projects/DiabloRos2/dual_diablo_interfaces/matlab_msg_gen/glnxa64/install/include/dd_motion_msgs/dd_motion_msgs/msg/detail/pose_ctrl__rosidl_typesupport_fastrtps_c.h
-- Installing: /home/pkorrap/Projects/DiabloRos2/dual_diablo_interfaces/matlab_msg_gen/glnxa64/install/lib/libdd_motion_msgs__rosidl_typesupport_fastrtps_c.so
-- Up-to-date: /home/pkorrap/Projects/DiabloRos2/dual_diablo_interfaces/matlab_msg_gen/glnxa64/install/include/dd_motion_msgs/dd_motion_msgs
-- Up-to-date: /home/pkorrap/Projects/DiabloRos2/dual_diablo_interfaces/matlab_msg_gen/glnxa64/install/include/dd_motion_msgs/dd_motion_msgs/msg
-- Up-to-date: /home/pkorrap/Projects/DiabloRos2/dual_diablo_interfaces/matlab_msg_gen/glnxa64/install/include/dd_motion_msgs/dd_motion_msgs/msg/detail
-- Installing: /home/pkorrap/Projects/DiabloRos2/dual_diablo_interfaces/matlab_msg_gen/glnxa64/install/include/dd_motion_msgs/dd_motion_msgs/msg/detail/pose_ctrl__rosidl_typesupport_introspection_c.h
-- Up-to-date: /home/pkorrap/Projects/DiabloRos2/dual_diablo_interfaces/matlab_msg_gen/glnxa64/install/include/dd_motion_msgs/dd_motion_msgs/msg/detail/pose_ctrl__type_support.c
-- Installing: /home/pkorrap/Projects/DiabloRos2/dual_diablo_interfaces/matlab_msg_gen/glnxa64/install/include/dd_motion_msgs/dd_motion_msgs/msg/rosidl_typesupport_introspection_c__visibility_control.h
-- Installing: /home/pkorrap/Projects/DiabloRos2/dual_diablo_interfaces/matlab_msg_gen/glnxa64/install/lib/libdd_motion_msgs__rosidl_typesupport_introspection_c.so
-- Installing: /home/pkorrap/Projects/DiabloRos2/dual_diablo_interfaces/matlab_msg_gen/glnxa64/install/lib/libdd_motion_msgs__rosidl_typesupport_c.so
-- Up-to-date: /home/pkorrap/Projects/DiabloRos2/dual_diablo_interfaces/matlab_msg_gen/glnxa64/install/include/dd_motion_msgs/dd_motion_msgs
-- Up-to-date: /home/pkorrap/Projects/DiabloRos2/dual_diablo_interfaces/matlab_msg_gen/glnxa64/install/include/dd_motion_msgs/dd_motion_msgs/msg
-- Installing: /home/pkorrap/Projects/DiabloRos2/dual_diablo_interfaces/matlab_msg_gen/glnxa64/install/include/dd_motion_msgs/dd_motion_msgs/msg/pose_ctrl.hpp
-- Installing: /home/pkorrap/Projects/DiabloRos2/dual_diablo_interfaces/matlab_msg_gen/glnxa64/install/include/dd_motion_msgs/dd_motion_msgs/msg/rosidl_generator_cpp__visibility_control.hpp
-- Up-to-date: /home/pkorrap/Projects/DiabloRos2/dual_diablo_interfaces/matlab_msg_gen/glnxa64/install/include/dd_motion_msgs/dd_motion_msgs/msg/detail
-- Installing: /home/pkorrap/Projects/DiabloRos2/dual_diablo_interfaces/matlab_msg_gen/glnxa64/install/include/dd_motion_msgs/dd_motion_msgs/msg/detail/pose_ctrl__type_support.hpp
-- Installing: /home/pkorrap/Projects/DiabloRos2/dual_diablo_interfaces/matlab_msg_gen/glnxa64/install/include/dd_motion_msgs/dd_motion_msgs/msg/detail/pose_ctrl__builder.hpp
-- Installing: /home/pkorrap/Projects/DiabloRos2/dual_diablo_interfaces/matlab_msg_gen/glnxa64/install/include/dd_motion_msgs/dd_motion_msgs/msg/detail/pose_ctrl__struct.hpp
-- Installing: /home/pkorrap/Projects/DiabloRos2/dual_diablo_interfaces/matlab_msg_gen/glnxa64/install/include/dd_motion_msgs/dd_motion_msgs/msg/detail/pose_ctrl__traits.hpp
-- Up-to-date: /home/pkorrap/Projects/DiabloRos2/dual_diablo_interfaces/matlab_msg_gen/glnxa64/install/include/dd_motion_msgs/dd_motion_msgs
-- Up-to-date: /home/pkorrap/Projects/DiabloRos2/dual_diablo_interfaces/matlab_msg_gen/glnxa64/install/include/dd_motion_msgs/dd_motion_msgs/msg
-- Installing: /home/pkorrap/Projects/DiabloRos2/dual_diablo_interfaces/matlab_msg_gen/glnxa64/install/include/dd_motion_msgs/dd_motion_msgs/msg/rosidl_typesupport_fastrtps_cpp__visibility_control.h
-- Up-to-date: /home/pkorrap/Projects/DiabloRos2/dual_diablo_interfaces/matlab_msg_gen/glnxa64/install/include/dd_motion_msgs/dd_motion_msgs/msg/detail
-- Installing: /home/pkorrap/Projects/DiabloRos2/dual_diablo_interfaces/matlab_msg_gen/glnxa64/install/include/dd_motion_msgs/dd_motion_msgs/msg/detail/dds_fastrtps
-- Installing: /home/pkorrap/Projects/DiabloRos2/dual_diablo_interfaces/matlab_msg_gen/glnxa64/install/include/dd_motion_msgs/dd_motion_msgs/msg/detail/pose_ctrl__rosidl_typesupport_fastrtps_cpp.hpp
-- Installing: /home/pkorrap/Projects/DiabloRos2/dual_diablo_interfaces/matlab_msg_gen/glnxa64/install/lib/libdd_motion_msgs__rosidl_typesupport_fastrtps_cpp.so
-- Up-to-date: /home/pkorrap/Projects/DiabloRos2/dual_diablo_interfaces/matlab_msg_gen/glnxa64/install/include/dd_motion_msgs/dd_motion_msgs
-- Up-to-date: /home/pkorrap/Projects/DiabloRos2/dual_diablo_interfaces/matlab_msg_gen/glnxa64/install/include/dd_motion_msgs/dd_motion_msgs/msg
-- Up-to-date: /home/pkorrap/Projects/DiabloRos2/dual_diablo_interfaces/matlab_msg_gen/glnxa64/install/include/dd_motion_msgs/dd_motion_msgs/msg/detail
-- Installing: /home/pkorrap/Projects/DiabloRos2/dual_diablo_interfaces/matlab_msg_gen/glnxa64/install/include/dd_motion_msgs/dd_motion_msgs/msg/detail/pose_ctrl__type_support.cpp
-- Installing: /home/pkorrap/Projects/DiabloRos2/dual_diablo_interfaces/matlab_msg_gen/glnxa64/install/include/dd_motion_msgs/dd_motion_msgs/msg/detail/pose_ctrl__rosidl_typesupport_introspection_cpp.hpp
-- Installing: /home/pkorrap/Projects/DiabloRos2/dual_diablo_interfaces/matlab_msg_gen/glnxa64/install/lib/libdd_motion_msgs__rosidl_typesupport_introspection_cpp.so
-- Installing: /home/pkorrap/Projects/DiabloRos2/dual_diablo_interfaces/matlab_msg_gen/glnxa64/install/lib/libdd_motion_msgs__rosidl_typesupport_cpp.so
-- Installing: /home/pkorrap/Projects/DiabloRos2/dual_diablo_interfaces/matlab_msg_gen/glnxa64/install/share/dd_motion_msgs/msg/PoseCtrl.idl
-- Installing: /home/pkorrap/Projects/DiabloRos2/dual_diablo_interfaces/matlab_msg_gen/glnxa64/install/share/dd_motion_msgs/msg/PoseCtrl.msg
-- Up-to-date: /home/pkorrap/Projects/DiabloRos2/dual_diablo_interfaces/matlab_msg_gen/glnxa64/install/include
-- Up-to-date: /home/pkorrap/Projects/DiabloRos2/dual_diablo_interfaces/matlab_msg_gen/glnxa64/install/include/dd_motion_msgs
-- Installing: /home/pkorrap/Projects/DiabloRos2/dual_diablo_interfaces/matlab_msg_gen/glnxa64/install/include/dd_motion_msgs/visibility_control.h
-- Installing: /home/pkorrap/Projects/DiabloRos2/dual_diablo_interfaces/matlab_msg_gen/glnxa64/install/lib/libdd_motion_msgs_matlab.so
-- Installing: /home/pkorrap/Projects/DiabloRos2/dual_diablo_interfaces/matlab_msg_gen/glnxa64/install/m/
-- Installing: /home/pkorrap/Projects/DiabloRos2/dual_diablo_interfaces/matlab_msg_gen/glnxa64/install/m//+ros
-- Installing: /home/pkorrap/Projects/DiabloRos2/dual_diablo_interfaces/matlab_msg_gen/glnxa64/install/m//+ros/+internal
-- Installing: /home/pkorrap/Projects/DiabloRos2/dual_diablo_interfaces/matlab_msg_gen/glnxa64/install/m//+ros/+internal/+ros2
-- Installing: /home/pkorrap/Projects/DiabloRos2/dual_diablo_interfaces/matlab_msg_gen/glnxa64/install/m//+ros/+internal/+ros2/+custommessages
-- Installing: /home/pkorrap/Projects/DiabloRos2/dual_diablo_interfaces/matlab_msg_gen/glnxa64/install/m//+ros/+internal/+ros2/+custommessages/+dd_motion_msgs
-- Installing: /home/pkorrap/Projects/DiabloRos2/dual_diablo_interfaces/matlab_msg_gen/glnxa64/install/m//+ros/+internal/+ros2/+custommessages/+dd_motion_msgs/poseCtrl.m
-- Installing: /home/pkorrap/Projects/DiabloRos2/dual_diablo_interfaces/matlab_msg_gen/glnxa64/install/share/ament_index/resource_index/package_run_dependencies/dd_motion_msgs
-- Installing: /home/pkorrap/Projects/DiabloRos2/dual_diablo_interfaces/matlab_msg_gen/glnxa64/install/share/ament_index/resource_index/parent_prefix_path/dd_motion_msgs
-- Installing: /home/pkorrap/Projects/DiabloRos2/dual_diablo_interfaces/matlab_msg_gen/glnxa64/install/share/dd_motion_msgs/environment/ament_prefix_path.sh
-- Installing: /home/pkorrap/Projects/DiabloRos2/dual_diablo_interfaces/matlab_msg_gen/glnxa64/install/share/dd_motion_msgs/environment/ament_prefix_path.dsv
-- Installing: /home/pkorrap/Projects/DiabloRos2/dual_diablo_interfaces/matlab_msg_gen/glnxa64/install/share/dd_motion_msgs/environment/path.sh
-- Installing: /home/pkorrap/Projects/DiabloRos2/dual_diablo_interfaces/matlab_msg_gen/glnxa64/install/share/dd_motion_msgs/environment/path.dsv
-- Installing: /home/pkorrap/Projects/DiabloRos2/dual_diablo_interfaces/matlab_msg_gen/glnxa64/install/share/dd_motion_msgs/local_setup.bash
-- Installing: /home/pkorrap/Projects/DiabloRos2/dual_diablo_interfaces/matlab_msg_gen/glnxa64/install/share/dd_motion_msgs/local_setup.sh
-- Installing: /home/pkorrap/Projects/DiabloRos2/dual_diablo_interfaces/matlab_msg_gen/glnxa64/install/share/dd_motion_msgs/local_setup.zsh
-- Installing: /home/pkorrap/Projects/DiabloRos2/dual_diablo_interfaces/matlab_msg_gen/glnxa64/install/share/dd_motion_msgs/local_setup.dsv
-- Installing: /home/pkorrap/Projects/DiabloRos2/dual_diablo_interfaces/matlab_msg_gen/glnxa64/install/share/dd_motion_msgs/package.dsv
-- Installing: /home/pkorrap/Projects/DiabloRos2/dual_diablo_interfaces/matlab_msg_gen/glnxa64/install/share/ament_index/resource_index/packages/dd_motion_msgs
-- Installing: /home/pkorrap/Projects/DiabloRos2/dual_diablo_interfaces/matlab_msg_gen/glnxa64/install/share/dd_motion_msgs/cmake/export_dd_motion_msgs__rosidl_generator_cExport.cmake
-- Installing: /home/pkorrap/Projects/DiabloRos2/dual_diablo_interfaces/matlab_msg_gen/glnxa64/install/share/dd_motion_msgs/cmake/export_dd_motion_msgs__rosidl_generator_cExport-release.cmake
-- Installing: /home/pkorrap/Projects/DiabloRos2/dual_diablo_interfaces/matlab_msg_gen/glnxa64/install/share/dd_motion_msgs/cmake/export_dd_motion_msgs__rosidl_typesupport_fastrtps_cExport.cmake
-- Installing: /home/pkorrap/Projects/DiabloRos2/dual_diablo_interfaces/matlab_msg_gen/glnxa64/install/share/dd_motion_msgs/cmake/export_dd_motion_msgs__rosidl_typesupport_fastrtps_cExport-release.cmake
-- Installing: /home/pkorrap/Projects/DiabloRos2/dual_diablo_interfaces/matlab_msg_gen/glnxa64/install/share/dd_motion_msgs/cmake/dd_motion_msgs__rosidl_typesupport_introspection_cExport.cmake
-- Installing: /home/pkorrap/Projects/DiabloRos2/dual_diablo_interfaces/matlab_msg_gen/glnxa64/install/share/dd_motion_msgs/cmake/dd_motion_msgs__rosidl_typesupport_introspection_cExport-release.cmake
-- Installing: /home/pkorrap/Projects/DiabloRos2/dual_diablo_interfaces/matlab_msg_gen/glnxa64/install/share/dd_motion_msgs/cmake/dd_motion_msgs__rosidl_typesupport_cExport.cmake
-- Installing: /home/pkorrap/Projects/DiabloRos2/dual_diablo_interfaces/matlab_msg_gen/glnxa64/install/share/dd_motion_msgs/cmake/dd_motion_msgs__rosidl_typesupport_cExport-release.cmake
-- Installing: /home/pkorrap/Projects/DiabloRos2/dual_diablo_interfaces/matlab_msg_gen/glnxa64/install/share/dd_motion_msgs/cmake/export_dd_motion_msgs__rosidl_generator_cppExport.cmake
-- Installing: /home/pkorrap/Projects/DiabloRos2/dual_diablo_interfaces/matlab_msg_gen/glnxa64/install/share/dd_motion_msgs/cmake/export_dd_motion_msgs__rosidl_typesupport_fastrtps_cppExport.cmake
-- Installing: /home/pkorrap/Projects/DiabloRos2/dual_diablo_interfaces/matlab_msg_gen/glnxa64/install/share/dd_motion_msgs/cmake/export_dd_motion_msgs__rosidl_typesupport_fastrtps_cppExport-release.cmake
-- Installing: /home/pkorrap/Projects/DiabloRos2/dual_diablo_interfaces/matlab_msg_gen/glnxa64/install/share/dd_motion_msgs/cmake/dd_motion_msgs__rosidl_typesupport_introspection_cppExport.cmake
-- Installing: /home/pkorrap/Projects/DiabloRos2/dual_diablo_interfaces/matlab_msg_gen/glnxa64/install/share/dd_motion_msgs/cmake/dd_motion_msgs__rosidl_typesupport_introspection_cppExport-release.cmake
-- Installing: /home/pkorrap/Projects/DiabloRos2/dual_diablo_interfaces/matlab_msg_gen/glnxa64/install/share/dd_motion_msgs/cmake/dd_motion_msgs__rosidl_typesupport_cppExport.cmake
-- Installing: /home/pkorrap/Projects/DiabloRos2/dual_diablo_interfaces/matlab_msg_gen/glnxa64/install/share/dd_motion_msgs/cmake/dd_motion_msgs__rosidl_typesupport_cppExport-release.cmake
-- Installing: /home/pkorrap/Projects/DiabloRos2/dual_diablo_interfaces/matlab_msg_gen/glnxa64/install/share/dd_motion_msgs/cmake/rosidl_cmake-extras.cmake
-- Installing: /home/pkorrap/Projects/DiabloRos2/dual_diablo_interfaces/matlab_msg_gen/glnxa64/install/share/dd_motion_msgs/cmake/ament_cmake_export_include_directories-extras.cmake
-- Installing: /home/pkorrap/Projects/DiabloRos2/dual_diablo_interfaces/matlab_msg_gen/glnxa64/install/share/dd_motion_msgs/cmake/ament_cmake_export_libraries-extras.cmake
-- Installing: /home/pkorrap/Projects/DiabloRos2/dual_diablo_interfaces/matlab_msg_gen/glnxa64/install/share/dd_motion_msgs/cmake/ament_cmake_export_targets-extras.cmake
-- Installing: /home/pkorrap/Projects/DiabloRos2/dual_diablo_interfaces/matlab_msg_gen/glnxa64/install/share/dd_motion_msgs/cmake/rosidl_cmake_export_typesupport_targets-extras.cmake
-- Installing: /home/pkorrap/Projects/DiabloRos2/dual_diablo_interfaces/matlab_msg_gen/glnxa64/install/share/dd_motion_msgs/cmake/ament_cmake_export_dependencies-extras.cmake
-- Installing: /home/pkorrap/Projects/DiabloRos2/dual_diablo_interfaces/matlab_msg_gen/glnxa64/install/share/dd_motion_msgs/cmake/rosidl_cmake_export_typesupport_libraries-extras.cmake
-- Installing: /home/pkorrap/Projects/DiabloRos2/dual_diablo_interfaces/matlab_msg_gen/glnxa64/install/share/dd_motion_msgs/cmake/dd_motion_msgsConfig.cmake
-- Installing: /home/pkorrap/Projects/DiabloRos2/dual_diablo_interfaces/matlab_msg_gen/glnxa64/install/share/dd_motion_msgs/cmake/dd_motion_msgsConfig-version.cmake
-- Installing: /home/pkorrap/Projects/DiabloRos2/dual_diablo_interfaces/matlab_msg_gen/glnxa64/install/share/dd_motion_msgs/package.xml
